{"/home/ngesh/coding/questionnaire-platform/packages/engine/src/branching-evaluator.ts": {"path":"/home/ngesh/coding/questionnaire-platform/packages/engine/src/branching-evaluator.ts","all":false,"statementMap":{"2":{"start":{"line":3,"column":0},"end":{"line":3,"column":98}},"3":{"start":{"line":4,"column":0},"end":{"line":4,"column":54}},"4":{"start":{"line":5,"column":0},"end":{"line":5,"column":57}},"5":{"start":{"line":6,"column":0},"end":{"line":6,"column":119}},"6":{"start":{"line":7,"column":0},"end":{"line":7,"column":116}},"7":{"start":{"line":8,"column":0},"end":{"line":8,"column":35}},"8":{"start":{"line":9,"column":0},"end":{"line":9,"column":96}},"9":{"start":{"line":10,"column":0},"end":{"line":10,"column":82}},"10":{"start":{"line":11,"column":0},"end":{"line":11,"column":84}},"11":{"start":{"line":12,"column":0},"end":{"line":12,"column":2}},"13":{"start":{"line":14,"column":0},"end":{"line":14,"column":83}},"14":{"start":{"line":15,"column":0},"end":{"line":15,"column":24}},"15":{"start":{"line":16,"column":0},"end":{"line":16,"column":22}},"16":{"start":{"line":17,"column":0},"end":{"line":17,"column":58}},"17":{"start":{"line":18,"column":0},"end":{"line":18,"column":69}},"18":{"start":{"line":19,"column":0},"end":{"line":19,"column":9}},"19":{"start":{"line":20,"column":0},"end":{"line":20,"column":19}},"20":{"start":{"line":21,"column":0},"end":{"line":21,"column":90}},"21":{"start":{"line":22,"column":0},"end":{"line":22,"column":18}},"22":{"start":{"line":23,"column":0},"end":{"line":23,"column":89}},"23":{"start":{"line":24,"column":0},"end":{"line":24,"column":5}},"24":{"start":{"line":25,"column":0},"end":{"line":25,"column":2}},"26":{"start":{"line":27,"column":0},"end":{"line":27,"column":40}},"27":{"start":{"line":28,"column":0},"end":{"line":28,"column":35}},"28":{"start":{"line":29,"column":0},"end":{"line":29,"column":22}},"30":{"start":{"line":31,"column":0},"end":{"line":31,"column":104}}},"s":{"2":1,"3":1,"4":1,"5":1,"6":1,"7":1,"8":0,"9":1,"10":1,"11":1,"13":1,"14":22,"15":22,"16":15,"17":15,"18":15,"19":22,"20":4,"21":22,"22":3,"23":22,"24":22,"26":1,"27":2,"28":2,"30":2},"branchMap":{"0":{"type":"branch","line":4,"loc":{"start":{"line":4,"column":12},"end":{"line":4,"column":54}},"locations":[{"start":{"line":4,"column":12},"end":{"line":4,"column":54}}]},"1":{"type":"branch","line":5,"loc":{"start":{"line":5,"column":15},"end":{"line":5,"column":57}},"locations":[{"start":{"line":5,"column":15},"end":{"line":5,"column":57}}]},"2":{"type":"branch","line":6,"loc":{"start":{"line":6,"column":17},"end":{"line":6,"column":119}},"locations":[{"start":{"line":6,"column":17},"end":{"line":6,"column":119}}]},"3":{"type":"branch","line":10,"loc":{"start":{"line":10,"column":13},"end":{"line":10,"column":82}},"locations":[{"start":{"line":10,"column":13},"end":{"line":10,"column":82}}]},"4":{"type":"branch","line":10,"loc":{"start":{"line":10,"column":36},"end":{"line":10,"column":68}},"locations":[{"start":{"line":10,"column":36},"end":{"line":10,"column":68}}]},"5":{"type":"branch","line":10,"loc":{"start":{"line":10,"column":60},"end":{"line":10,"column":82}},"locations":[{"start":{"line":10,"column":60},"end":{"line":10,"column":82}}]},"6":{"type":"branch","line":14,"loc":{"start":{"line":14,"column":28},"end":{"line":25,"column":2}},"locations":[{"start":{"line":14,"column":28},"end":{"line":25,"column":2}}]},"7":{"type":"branch","line":16,"loc":{"start":{"line":16,"column":8},"end":{"line":19,"column":9}},"locations":[{"start":{"line":16,"column":8},"end":{"line":19,"column":9}}]},"8":{"type":"branch","line":20,"loc":{"start":{"line":20,"column":8},"end":{"line":21,"column":90}},"locations":[{"start":{"line":20,"column":8},"end":{"line":21,"column":90}}]},"9":{"type":"branch","line":22,"loc":{"start":{"line":22,"column":8},"end":{"line":23,"column":89}},"locations":[{"start":{"line":22,"column":8},"end":{"line":23,"column":89}}]},"10":{"type":"branch","line":21,"loc":{"start":{"line":21,"column":41},"end":{"line":21,"column":88}},"locations":[{"start":{"line":21,"column":41},"end":{"line":21,"column":88}}]},"11":{"type":"branch","line":23,"loc":{"start":{"line":23,"column":40},"end":{"line":23,"column":87}},"locations":[{"start":{"line":23,"column":40},"end":{"line":23,"column":87}}]},"12":{"type":"branch","line":27,"loc":{"start":{"line":27,"column":39},"end":{"line":31,"column":104}},"locations":[{"start":{"line":27,"column":39},"end":{"line":31,"column":104}}]},"13":{"type":"branch","line":31,"loc":{"start":{"line":31,"column":21},"end":{"line":31,"column":102}},"locations":[{"start":{"line":31,"column":21},"end":{"line":31,"column":102}}]},"14":{"type":"branch","line":31,"loc":{"start":{"line":31,"column":45},"end":{"line":31,"column":102}},"locations":[{"start":{"line":31,"column":45},"end":{"line":31,"column":102}}]}},"b":{"0":[8],"1":[2],"2":[3],"3":[2],"4":[1],"5":[1],"6":[22],"7":[15],"8":[4],"9":[3],"10":[7],"11":[5],"12":[2],"13":[4],"14":[2]},"fnMap":{"0":{"name":"equals","decl":{"start":{"line":4,"column":12},"end":{"line":4,"column":54}},"loc":{"start":{"line":4,"column":12},"end":{"line":4,"column":54}},"line":4},"1":{"name":"notEquals","decl":{"start":{"line":5,"column":15},"end":{"line":5,"column":57}},"loc":{"start":{"line":5,"column":15},"end":{"line":5,"column":57}},"line":5},"2":{"name":"greaterThan","decl":{"start":{"line":6,"column":17},"end":{"line":6,"column":119}},"loc":{"start":{"line":6,"column":17},"end":{"line":6,"column":119}},"line":6},"3":{"name":"lessThan","decl":{"start":{"line":7,"column":14},"end":{"line":7,"column":116}},"loc":{"start":{"line":7,"column":14},"end":{"line":7,"column":116}},"line":7},"4":{"name":"contains","decl":{"start":{"line":8,"column":14},"end":{"line":9,"column":96}},"loc":{"start":{"line":8,"column":14},"end":{"line":9,"column":96}},"line":8},"5":{"name":"isEmpty","decl":{"start":{"line":10,"column":13},"end":{"line":10,"column":82}},"loc":{"start":{"line":10,"column":13},"end":{"line":10,"column":82}},"line":10},"6":{"name":"isNotEmpty","decl":{"start":{"line":11,"column":16},"end":{"line":11,"column":84}},"loc":{"start":{"line":11,"column":16},"end":{"line":11,"column":84}},"line":11},"7":{"name":"evaluateRule","decl":{"start":{"line":14,"column":28},"end":{"line":25,"column":2}},"loc":{"start":{"line":14,"column":28},"end":{"line":25,"column":2}},"line":14},"8":{"name":"resolveVisibleQuestions","decl":{"start":{"line":27,"column":39},"end":{"line":31,"column":104}},"loc":{"start":{"line":27,"column":39},"end":{"line":31,"column":104}},"line":27}},"f":{"0":8,"1":2,"2":3,"3":0,"4":0,"5":2,"6":0,"7":22,"8":2}}
,"/home/ngesh/coding/questionnaire-platform/packages/engine/src/graph-validator.ts": {"path":"/home/ngesh/coding/questionnaire-platform/packages/engine/src/graph-validator.ts","all":false,"statementMap":{"0":{"start":{"line":1,"column":0},"end":{"line":1,"column":82}},"2":{"start":{"line":3,"column":0},"end":{"line":3,"column":74}},"3":{"start":{"line":4,"column":0},"end":{"line":4,"column":95}},"5":{"start":{"line":6,"column":0},"end":{"line":6,"column":91}},"6":{"start":{"line":7,"column":0},"end":{"line":7,"column":59}},"7":{"start":{"line":8,"column":0},"end":{"line":8,"column":36}},"9":{"start":{"line":10,"column":0},"end":{"line":10,"column":39}},"10":{"start":{"line":11,"column":0},"end":{"line":11,"column":44}},"11":{"start":{"line":12,"column":0},"end":{"line":12,"column":82}},"12":{"start":{"line":13,"column":0},"end":{"line":13,"column":48}},"13":{"start":{"line":14,"column":0},"end":{"line":14,"column":29}},"14":{"start":{"line":15,"column":0},"end":{"line":15,"column":46}},"15":{"start":{"line":16,"column":0},"end":{"line":16,"column":46}},"16":{"start":{"line":17,"column":0},"end":{"line":17,"column":100}},"17":{"start":{"line":18,"column":0},"end":{"line":18,"column":18}},"18":{"start":{"line":19,"column":0},"end":{"line":19,"column":13}},"19":{"start":{"line":20,"column":0},"end":{"line":20,"column":9}},"20":{"start":{"line":21,"column":0},"end":{"line":21,"column":5}},"21":{"start":{"line":22,"column":0},"end":{"line":22,"column":18}},"22":{"start":{"line":23,"column":0},"end":{"line":23,"column":2}},"24":{"start":{"line":25,"column":0},"end":{"line":25,"column":79}},"25":{"start":{"line":26,"column":0},"end":{"line":26,"column":57}},"26":{"start":{"line":27,"column":0},"end":{"line":27,"column":97}},"27":{"start":{"line":28,"column":0},"end":{"line":28,"column":6}},"29":{"start":{"line":30,"column":0},"end":{"line":30,"column":36}},"30":{"start":{"line":31,"column":0},"end":{"line":31,"column":39}},"31":{"start":{"line":32,"column":0},"end":{"line":32,"column":39}},"33":{"start":{"line":34,"column":0},"end":{"line":34,"column":66}},"34":{"start":{"line":35,"column":0},"end":{"line":35,"column":38}},"35":{"start":{"line":36,"column":0},"end":{"line":36,"column":32}},"36":{"start":{"line":37,"column":0},"end":{"line":37,"column":25}},"37":{"start":{"line":38,"column":0},"end":{"line":38,"column":33}},"38":{"start":{"line":39,"column":0},"end":{"line":39,"column":30}},"39":{"start":{"line":40,"column":0},"end":{"line":40,"column":90}},"40":{"start":{"line":41,"column":0},"end":{"line":41,"column":15}},"41":{"start":{"line":42,"column":0},"end":{"line":42,"column":19}},"42":{"start":{"line":43,"column":0},"end":{"line":43,"column":9}},"43":{"start":{"line":44,"column":0},"end":{"line":44,"column":26}},"44":{"start":{"line":45,"column":0},"end":{"line":45,"column":60}},"45":{"start":{"line":46,"column":0},"end":{"line":46,"column":77}},"46":{"start":{"line":47,"column":0},"end":{"line":47,"column":9}},"47":{"start":{"line":48,"column":0},"end":{"line":48,"column":29}},"48":{"start":{"line":49,"column":0},"end":{"line":49,"column":26}},"49":{"start":{"line":50,"column":0},"end":{"line":50,"column":6}},"51":{"start":{"line":52,"column":0},"end":{"line":52,"column":55}},"52":{"start":{"line":53,"column":0},"end":{"line":53,"column":18}},"53":{"start":{"line":54,"column":0},"end":{"line":54,"column":2}},"55":{"start":{"line":56,"column":0},"end":{"line":56,"column":105}},"56":{"start":{"line":57,"column":0},"end":{"line":57,"column":84}},"57":{"start":{"line":58,"column":0},"end":{"line":58,"column":61}},"58":{"start":{"line":59,"column":0},"end":{"line":59,"column":2}}},"s":{"0":1,"2":1,"3":12,"5":1,"6":4,"7":4,"9":4,"10":7,"11":6,"12":6,"13":1,"14":1,"15":1,"16":1,"17":1,"18":1,"19":6,"20":6,"21":4,"22":4,"24":1,"25":4,"26":4,"27":4,"29":4,"30":4,"31":4,"33":4,"34":12,"35":12,"36":2,"37":2,"38":2,"39":2,"40":2,"41":2,"42":2,"43":7,"44":12,"45":6,"46":6,"47":7,"48":7,"49":12,"51":4,"52":4,"53":4,"55":1,"56":4,"57":4,"58":4},"branchMap":{"0":{"type":"branch","line":3,"loc":{"start":{"line":3,"column":30},"end":{"line":4,"column":95}},"locations":[{"start":{"line":3,"column":30},"end":{"line":4,"column":95}}]},"1":{"type":"branch","line":4,"loc":{"start":{"line":4,"column":44},"end":{"line":4,"column":95}},"locations":[{"start":{"line":4,"column":44},"end":{"line":4,"column":95}}]},"2":{"type":"branch","line":6,"loc":{"start":{"line":6,"column":31},"end":{"line":23,"column":2}},"locations":[{"start":{"line":6,"column":31},"end":{"line":23,"column":2}}]},"3":{"type":"branch","line":10,"loc":{"start":{"line":10,"column":38},"end":{"line":21,"column":5}},"locations":[{"start":{"line":10,"column":38},"end":{"line":21,"column":5}}]},"4":{"type":"branch","line":11,"loc":{"start":{"line":11,"column":35},"end":{"line":11,"column":44}},"locations":[{"start":{"line":11,"column":35},"end":{"line":11,"column":44}}]},"5":{"type":"branch","line":11,"loc":{"start":{"line":11,"column":35},"end":{"line":21,"column":5}},"locations":[{"start":{"line":11,"column":35},"end":{"line":21,"column":5}}]},"6":{"type":"branch","line":13,"loc":{"start":{"line":13,"column":47},"end":{"line":19,"column":13}},"locations":[{"start":{"line":13,"column":47},"end":{"line":19,"column":13}}]},"7":{"type":"branch","line":7,"loc":{"start":{"line":7,"column":44},"end":{"line":7,"column":56}},"locations":[{"start":{"line":7,"column":44},"end":{"line":7,"column":56}}]},"8":{"type":"branch","line":25,"loc":{"start":{"line":25,"column":19},"end":{"line":54,"column":2}},"locations":[{"start":{"line":25,"column":19},"end":{"line":54,"column":2}}]},"9":{"type":"branch","line":52,"loc":{"start":{"line":52,"column":40},"end":{"line":52,"column":55}},"locations":[{"start":{"line":52,"column":40},"end":{"line":52,"column":55}}]},"10":{"type":"branch","line":27,"loc":{"start":{"line":27,"column":22},"end":{"line":27,"column":95}},"locations":[{"start":{"line":27,"column":22},"end":{"line":27,"column":95}}]},"11":{"type":"branch","line":27,"loc":{"start":{"line":27,"column":39},"end":{"line":27,"column":92}},"locations":[{"start":{"line":27,"column":39},"end":{"line":27,"column":92}}]},"12":{"type":"branch","line":27,"loc":{"start":{"line":27,"column":88},"end":{"line":27,"column":94}},"locations":[{"start":{"line":27,"column":88},"end":{"line":27,"column":94}}]},"13":{"type":"branch","line":34,"loc":{"start":{"line":34,"column":18},"end":{"line":50,"column":6}},"locations":[{"start":{"line":34,"column":18},"end":{"line":50,"column":6}}]},"14":{"type":"branch","line":35,"loc":{"start":{"line":35,"column":31},"end":{"line":35,"column":38}},"locations":[{"start":{"line":35,"column":31},"end":{"line":35,"column":38}}]},"15":{"type":"branch","line":35,"loc":{"start":{"line":35,"column":31},"end":{"line":36,"column":31}},"locations":[{"start":{"line":35,"column":31},"end":{"line":36,"column":31}}]},"16":{"type":"branch","line":36,"loc":{"start":{"line":36,"column":31},"end":{"line":43,"column":9}},"locations":[{"start":{"line":36,"column":31},"end":{"line":43,"column":9}}]},"17":{"type":"branch","line":43,"loc":{"start":{"line":43,"column":8},"end":{"line":45,"column":55}},"locations":[{"start":{"line":43,"column":8},"end":{"line":45,"column":55}}]},"18":{"type":"branch","line":45,"loc":{"start":{"line":45,"column":50},"end":{"line":45,"column":59}},"locations":[{"start":{"line":45,"column":50},"end":{"line":45,"column":59}}]},"19":{"type":"branch","line":45,"loc":{"start":{"line":45,"column":59},"end":{"line":47,"column":9}},"locations":[{"start":{"line":45,"column":59},"end":{"line":47,"column":9}}]},"20":{"type":"branch","line":46,"loc":{"start":{"line":46,"column":43},"end":{"line":46,"column":77}},"locations":[{"start":{"line":46,"column":43},"end":{"line":46,"column":77}}]},"21":{"type":"branch","line":47,"loc":{"start":{"line":47,"column":8},"end":{"line":49,"column":26}},"locations":[{"start":{"line":47,"column":8},"end":{"line":49,"column":26}}]},"22":{"type":"branch","line":56,"loc":{"start":{"line":56,"column":42},"end":{"line":59,"column":2}},"locations":[{"start":{"line":56,"column":42},"end":{"line":59,"column":2}}]},"23":{"type":"branch","line":58,"loc":{"start":{"line":58,"column":29},"end":{"line":58,"column":49}},"locations":[{"start":{"line":58,"column":29},"end":{"line":58,"column":49}}]},"24":{"type":"branch","line":58,"loc":{"start":{"line":58,"column":45},"end":{"line":58,"column":61}},"locations":[{"start":{"line":58,"column":45},"end":{"line":58,"column":61}}]}},"b":{"0":[12],"1":[0],"2":[4],"3":[7],"4":[1],"5":[6],"6":[1],"7":[7],"8":[4],"9":[7],"10":[7],"11":[6],"12":[1],"13":[12],"14":[3],"15":[9],"16":[2],"17":[7],"18":[0],"19":[6],"20":[5],"21":[7],"22":[4],"23":[1],"24":[3]},"fnMap":{"0":{"name":"collectReferencedKeys","decl":{"start":{"line":3,"column":30},"end":{"line":4,"column":95}},"loc":{"start":{"line":3,"column":30},"end":{"line":4,"column":95}},"line":3},"1":{"name":"findDanglingReferences","decl":{"start":{"line":6,"column":31},"end":{"line":23,"column":2}},"loc":{"start":{"line":6,"column":31},"end":{"line":23,"column":2}},"line":6},"2":{"name":"findCycles","decl":{"start":{"line":25,"column":19},"end":{"line":54,"column":2}},"loc":{"start":{"line":25,"column":19},"end":{"line":54,"column":2}},"line":25},"3":{"name":"visit","decl":{"start":{"line":34,"column":18},"end":{"line":50,"column":6}},"loc":{"start":{"line":34,"column":18},"end":{"line":50,"column":6}},"line":34},"4":{"name":"validateQuestionnaireGraph","decl":{"start":{"line":56,"column":42},"end":{"line":59,"column":2}},"loc":{"start":{"line":56,"column":42},"end":{"line":59,"column":2}},"line":56}},"f":{"0":12,"1":4,"2":4,"3":12,"4":4}}
,"/home/ngesh/coding/questionnaire-platform/packages/engine/src/schema-validator.ts": {"path":"/home/ngesh/coding/questionnaire-platform/packages/engine/src/schema-validator.ts","all":false,"statementMap":{"0":{"start":{"line":1,"column":0},"end":{"line":1,"column":41}},"4":{"start":{"line":5,"column":0},"end":{"line":5,"column":86}},"5":{"start":{"line":6,"column":0},"end":{"line":6,"column":27}},"6":{"start":{"line":7,"column":0},"end":{"line":7,"column":29}},"7":{"start":{"line":8,"column":0},"end":{"line":8,"column":31}},"8":{"start":{"line":9,"column":0},"end":{"line":9,"column":34}},"9":{"start":{"line":10,"column":0},"end":{"line":10,"column":27}},"10":{"start":{"line":11,"column":0},"end":{"line":11,"column":78}},"11":{"start":{"line":12,"column":0},"end":{"line":12,"column":87}},"12":{"start":{"line":13,"column":0},"end":{"line":13,"column":6}},"13":{"start":{"line":14,"column":0},"end":{"line":14,"column":2}},"15":{"start":{"line":16,"column":0},"end":{"line":16,"column":111}},"16":{"start":{"line":17,"column":0},"end":{"line":17,"column":49}},"17":{"start":{"line":18,"column":0},"end":{"line":18,"column":39}},"18":{"start":{"line":19,"column":0},"end":{"line":19,"column":65}},"19":{"start":{"line":20,"column":0},"end":{"line":20,"column":83}},"20":{"start":{"line":21,"column":0},"end":{"line":21,"column":5}},"21":{"start":{"line":22,"column":0},"end":{"line":22,"column":27}},"22":{"start":{"line":23,"column":0},"end":{"line":23,"column":2}},"24":{"start":{"line":25,"column":0},"end":{"line":25,"column":35}},"25":{"start":{"line":26,"column":0},"end":{"line":26,"column":42}},"26":{"start":{"line":27,"column":0},"end":{"line":27,"column":26}},"27":{"start":{"line":28,"column":0},"end":{"line":28,"column":6}},"28":{"start":{"line":29,"column":0},"end":{"line":29,"column":55}},"29":{"start":{"line":30,"column":0},"end":{"line":30,"column":48}},"31":{"start":{"line":32,"column":0},"end":{"line":32,"column":25}},"32":{"start":{"line":33,"column":0},"end":{"line":33,"column":31}},"33":{"start":{"line":34,"column":0},"end":{"line":34,"column":5}},"35":{"start":{"line":36,"column":0},"end":{"line":36,"column":74}},"36":{"start":{"line":37,"column":0},"end":{"line":37,"column":56}},"37":{"start":{"line":38,"column":0},"end":{"line":38,"column":30}},"38":{"start":{"line":39,"column":0},"end":{"line":39,"column":8}},"39":{"start":{"line":40,"column":0},"end":{"line":40,"column":22}},"40":{"start":{"line":41,"column":0},"end":{"line":41,"column":2}}},"s":{"0":1,"4":1,"5":1,"6":1,"7":1,"8":1,"9":1,"10":4,"11":4,"12":4,"13":1,"15":1,"16":4,"17":4,"18":11,"19":11,"20":11,"21":4,"22":4,"24":1,"25":4,"26":4,"27":4,"28":4,"29":4,"31":4,"32":2,"33":2,"35":2,"36":4,"37":4,"38":2,"39":2,"40":2},"branchMap":{"0":{"type":"branch","line":6,"loc":{"start":{"line":6,"column":10},"end":{"line":6,"column":27}},"locations":[{"start":{"line":6,"column":10},"end":{"line":6,"column":27}}]},"1":{"type":"branch","line":7,"loc":{"start":{"line":7,"column":12},"end":{"line":7,"column":29}},"locations":[{"start":{"line":7,"column":12},"end":{"line":7,"column":29}}]},"2":{"type":"branch","line":10,"loc":{"start":{"line":10,"column":12},"end":{"line":13,"column":6}},"locations":[{"start":{"line":10,"column":12},"end":{"line":13,"column":6}}]},"3":{"type":"branch","line":11,"loc":{"start":{"line":11,"column":33},"end":{"line":11,"column":48}},"locations":[{"start":{"line":11,"column":33},"end":{"line":11,"column":48}}]},"4":{"type":"branch","line":12,"loc":{"start":{"line":12,"column":73},"end":{"line":12,"column":87}},"locations":[{"start":{"line":12,"column":73},"end":{"line":12,"column":87}}]},"5":{"type":"branch","line":11,"loc":{"start":{"line":11,"column":52},"end":{"line":11,"column":76}},"locations":[{"start":{"line":11,"column":52},"end":{"line":11,"column":76}}]},"6":{"type":"branch","line":16,"loc":{"start":{"line":16,"column":33},"end":{"line":23,"column":2}},"locations":[{"start":{"line":16,"column":33},"end":{"line":23,"column":2}}]},"7":{"type":"branch","line":18,"loc":{"start":{"line":18,"column":38},"end":{"line":21,"column":5}},"locations":[{"start":{"line":18,"column":38},"end":{"line":21,"column":5}}]},"8":{"type":"branch","line":20,"loc":{"start":{"line":20,"column":52},"end":{"line":20,"column":78}},"locations":[{"start":{"line":20,"column":52},"end":{"line":20,"column":78}}]},"9":{"type":"branch","line":25,"loc":{"start":{"line":25,"column":34},"end":{"line":41,"column":2}},"locations":[{"start":{"line":25,"column":34},"end":{"line":41,"column":2}}]},"10":{"type":"branch","line":32,"loc":{"start":{"line":32,"column":24},"end":{"line":41,"column":2}},"locations":[{"start":{"line":32,"column":24},"end":{"line":41,"column":2}}]},"11":{"type":"branch","line":36,"loc":{"start":{"line":36,"column":61},"end":{"line":39,"column":6}},"locations":[{"start":{"line":36,"column":61},"end":{"line":39,"column":6}}]},"12":{"type":"branch","line":37,"loc":{"start":{"line":37,"column":40},"end":{"line":37,"column":54}},"locations":[{"start":{"line":37,"column":40},"end":{"line":37,"column":54}}]}},"b":{"0":[4],"1":[3],"2":[4],"3":[0],"4":[0],"5":[8],"6":[4],"7":[11],"8":[0],"9":[4],"10":[2],"11":[4],"12":[0]},"fnMap":{"0":{"name":"text","decl":{"start":{"line":6,"column":10},"end":{"line":6,"column":27}},"loc":{"start":{"line":6,"column":10},"end":{"line":6,"column":27}},"line":6},"1":{"name":"number","decl":{"start":{"line":7,"column":12},"end":{"line":7,"column":29}},"loc":{"start":{"line":7,"column":12},"end":{"line":7,"column":29}},"line":7},"2":{"name":"boolean","decl":{"start":{"line":8,"column":13},"end":{"line":8,"column":31}},"loc":{"start":{"line":8,"column":13},"end":{"line":8,"column":31}},"line":8},"3":{"name":"date","decl":{"start":{"line":9,"column":10},"end":{"line":9,"column":34}},"loc":{"start":{"line":9,"column":10},"end":{"line":9,"column":34}},"line":9},"4":{"name":"select","decl":{"start":{"line":10,"column":12},"end":{"line":13,"column":6}},"loc":{"start":{"line":10,"column":12},"end":{"line":13,"column":6}},"line":10},"5":{"name":"buildAnswerSchema","decl":{"start":{"line":16,"column":33},"end":{"line":23,"column":2}},"loc":{"start":{"line":16,"column":33},"end":{"line":23,"column":2}},"line":16},"6":{"name":"validateSubmission","decl":{"start":{"line":25,"column":34},"end":{"line":41,"column":2}},"loc":{"start":{"line":25,"column":34},"end":{"line":41,"column":2}},"line":25}},"f":{"0":4,"1":3,"2":0,"3":0,"4":4,"5":4,"6":4}}
,"/home/ngesh/coding/questionnaire-platform/packages/engine/src/types.ts": {"path":"/home/ngesh/coding/questionnaire-platform/packages/engine/src/types.ts","all":false,"statementMap":{"6":{"start":{"line":7,"column":0},"end":{"line":7,"column":73}},"7":{"start":{"line":8,"column":0},"end":{"line":8,"column":89}}},"s":{"6":1,"7":1},"branchMap":{"0":{"type":"branch","line":7,"loc":{"start":{"line":7,"column":18},"end":{"line":7,"column":73}},"locations":[{"start":{"line":7,"column":18},"end":{"line":7,"column":73}}]},"1":{"type":"branch","line":8,"loc":{"start":{"line":8,"column":19},"end":{"line":8,"column":89}},"locations":[{"start":{"line":8,"column":19},"end":{"line":8,"column":89}}]}},"b":{"0":[3],"1":[5]},"fnMap":{"0":{"name":"ok","decl":{"start":{"line":7,"column":18},"end":{"line":7,"column":73}},"loc":{"start":{"line":7,"column":18},"end":{"line":7,"column":73}},"line":7},"1":{"name":"err","decl":{"start":{"line":8,"column":19},"end":{"line":8,"column":89}},"loc":{"start":{"line":8,"column":19},"end":{"line":8,"column":89}},"line":8}},"f":{"0":3,"1":5}}
}
