{"/home/ngesh/coding/questionnaire-platform/packages/engine/src/branching-evaluator.ts": {"path":"/home/ngesh/coding/questionnaire-platform/packages/engine/src/branching-evaluator.ts","all":false,"statementMap":{"2":{"start":{"line":3,"column":0},"end":{"line":3,"column":98}},"3":{"start":{"line":4,"column":0},"end":{"line":4,"column":54}},"4":{"start":{"line":5,"column":0},"end":{"line":5,"column":57}},"5":{"start":{"line":6,"column":0},"end":{"line":6,"column":119}},"6":{"start":{"line":7,"column":0},"end":{"line":7,"column":116}},"7":{"start":{"line":8,"column":0},"end":{"line":8,"column":35}},"8":{"start":{"line":9,"column":0},"end":{"line":9,"column":96}},"9":{"start":{"line":10,"column":0},"end":{"line":10,"column":82}},"10":{"start":{"line":11,"column":0},"end":{"line":11,"column":84}},"11":{"start":{"line":12,"column":0},"end":{"line":12,"column":2}},"13":{"start":{"line":14,"column":0},"end":{"line":14,"column":83}},"14":{"start":{"line":15,"column":0},"end":{"line":15,"column":24}},"15":{"start":{"line":16,"column":0},"end":{"line":16,"column":22}},"16":{"start":{"line":17,"column":0},"end":{"line":17,"column":58}},"17":{"start":{"line":18,"column":0},"end":{"line":18,"column":69}},"18":{"start":{"line":19,"column":0},"end":{"line":19,"column":9}},"19":{"start":{"line":20,"column":0},"end":{"line":20,"column":19}},"20":{"start":{"line":21,"column":0},"end":{"line":21,"column":90}},"21":{"start":{"line":22,"column":0},"end":{"line":22,"column":18}},"22":{"start":{"line":23,"column":0},"end":{"line":23,"column":89}},"23":{"start":{"line":24,"column":0},"end":{"line":24,"column":5}},"24":{"start":{"line":25,"column":0},"end":{"line":25,"column":2}},"26":{"start":{"line":27,"column":0},"end":{"line":27,"column":40}},"27":{"start":{"line":28,"column":0},"end":{"line":28,"column":35}},"28":{"start":{"line":29,"column":0},"end":{"line":29,"column":22}},"30":{"start":{"line":31,"column":0},"end":{"line":31,"column":104}}},"s":{"2":1,"3":1,"4":1,"5":1,"6":1,"7":1,"8":0,"9":1,"10":1,"11":1,"13":1,"14":22,"15":22,"16":15,"17":15,"18":15,"19":22,"20":4,"21":22,"22":3,"23":22,"24":22,"26":1,"27":2,"28":2,"30":2},"branchMap":{"0":{"type":"branch","line":4,"loc":{"start":{"line":4,"column":12},"end":{"line":4,"column":54}},"locations":[{"start":{"line":4,"column":12},"end":{"line":4,"column":54}}]},"1":{"type":"branch","line":5,"loc":{"start":{"line":5,"column":15},"end":{"line":5,"column":57}},"locations":[{"start":{"line":5,"column":15},"end":{"line":5,"column":57}}]},"2":{"type":"branch","line":6,"loc":{"start":{"line":6,"column":17},"end":{"line":6,"column":119}},"locations":[{"start":{"line":6,"column":17},"end":{"line":6,"column":119}}]},"3":{"type":"branch","line":10,"loc":{"start":{"line":10,"column":13},"end":{"line":10,"column":82}},"locations":[{"start":{"line":10,"column":13},"end":{"line":10,"column":82}}]},"4":{"type":"branch","line":10,"loc":{"start":{"line":10,"column":36},"end":{"line":10,"column":68}},"locations":[{"start":{"line":10,"column":36},"end":{"line":10,"column":68}}]},"5":{"type":"branch","line":10,"loc":{"start":{"line":10,"column":60},"end":{"line":10,"column":82}},"locations":[{"start":{"line":10,"column":60},"end":{"line":10,"column":82}}]},"6":{"type":"branch","line":14,"loc":{"start":{"line":14,"column":28},"end":{"line":25,"column":2}},"locations":[{"start":{"line":14,"column":28},"end":{"line":25,"column":2}}]},"7":{"type":"branch","line":16,"loc":{"start":{"line":16,"column":8},"end":{"line":19,"column":9}},"locations":[{"start":{"line":16,"column":8},"end":{"line":19,"column":9}}]},"8":{"type":"branch","line":20,"loc":{"start":{"line":20,"column":8},"end":{"line":21,"column":90}},"locations":[{"start":{"line":20,"column":8},"end":{"line":21,"column":90}}]},"9":{"type":"branch","line":22,"loc":{"start":{"line":22,"column":8},"end":{"line":23,"column":89}},"locations":[{"start":{"line":22,"column":8},"end":{"line":23,"column":89}}]},"10":{"type":"branch","line":21,"loc":{"start":{"line":21,"column":41},"end":{"line":21,"column":88}},"locations":[{"start":{"line":21,"column":41},"end":{"line":21,"column":88}}]},"11":{"type":"branch","line":23,"loc":{"start":{"line":23,"column":40},"end":{"line":23,"column":87}},"locations":[{"start":{"line":23,"column":40},"end":{"line":23,"column":87}}]},"12":{"type":"branch","line":27,"loc":{"start":{"line":27,"column":39},"end":{"line":31,"column":104}},"locations":[{"start":{"line":27,"column":39},"end":{"line":31,"column":104}}]},"13":{"type":"branch","line":31,"loc":{"start":{"line":31,"column":21},"end":{"line":31,"column":102}},"locations":[{"start":{"line":31,"column":21},"end":{"line":31,"column":102}}]},"14":{"type":"branch","line":31,"loc":{"start":{"line":31,"column":45},"end":{"line":31,"column":102}},"locations":[{"start":{"line":31,"column":45},"end":{"line":31,"column":102}}]}},"b":{"0":[8],"1":[2],"2":[3],"3":[2],"4":[1],"5":[1],"6":[22],"7":[15],"8":[4],"9":[3],"10":[7],"11":[5],"12":[2],"13":[4],"14":[2]},"fnMap":{"0":{"name":"equals","decl":{"start":{"line":4,"column":12},"end":{"line":4,"column":54}},"loc":{"start":{"line":4,"column":12},"end":{"line":4,"column":54}},"line":4},"1":{"name":"notEquals","decl":{"start":{"line":5,"column":15},"end":{"line":5,"column":57}},"loc":{"start":{"line":5,"column":15},"end":{"line":5,"column":57}},"line":5},"2":{"name":"greaterThan","decl":{"start":{"line":6,"column":17},"end":{"line":6,"column":119}},"loc":{"start":{"line":6,"column":17},"end":{"line":6,"column":119}},"line":6},"3":{"name":"lessThan","decl":{"start":{"line":7,"column":14},"end":{"line":7,"column":116}},"loc":{"start":{"line":7,"column":14},"end":{"line":7,"column":116}},"line":7},"4":{"name":"contains","decl":{"start":{"line":8,"column":14},"end":{"line":9,"column":96}},"loc":{"start":{"line":8,"column":14},"end":{"line":9,"column":96}},"line":8},"5":{"name":"isEmpty","decl":{"start":{"line":10,"column":13},"end":{"line":10,"column":82}},"loc":{"start":{"line":10,"column":13},"end":{"line":10,"column":82}},"line":10},"6":{"name":"isNotEmpty","decl":{"start":{"line":11,"column":16},"end":{"line":11,"column":84}},"loc":{"start":{"line":11,"column":16},"end":{"line":11,"column":84}},"line":11},"7":{"name":"evaluateRule","decl":{"start":{"line":14,"column":28},"end":{"line":25,"column":2}},"loc":{"start":{"line":14,"column":28},"end":{"line":25,"column":2}},"line":14},"8":{"name":"resolveVisibleQuestions","decl":{"start":{"line":27,"column":39},"end":{"line":31,"column":104}},"loc":{"start":{"line":27,"column":39},"end":{"line":31,"column":104}},"line":27}},"f":{"0":8,"1":2,"2":3,"3":0,"4":0,"5":2,"6":0,"7":22,"8":2}}
,"/home/ngesh/coding/questionnaire-platform/packages/engine/src/graph-validator.ts": {"path":"/home/ngesh/coding/questionnaire-platform/packages/engine/src/graph-validator.ts","all":true,"statementMap":{"0":{"start":{"line":1,"column":0},"end":{"line":1,"column":82}},"2":{"start":{"line":3,"column":0},"end":{"line":3,"column":74}},"3":{"start":{"line":4,"column":0},"end":{"line":4,"column":95}},"5":{"start":{"line":6,"column":0},"end":{"line":6,"column":91}},"6":{"start":{"line":7,"column":0},"end":{"line":7,"column":59}},"7":{"start":{"line":8,"column":0},"end":{"line":8,"column":36}},"9":{"start":{"line":10,"column":0},"end":{"line":10,"column":39}},"10":{"start":{"line":11,"column":0},"end":{"line":11,"column":44}},"11":{"start":{"line":12,"column":0},"end":{"line":12,"column":82}},"12":{"start":{"line":13,"column":0},"end":{"line":13,"column":48}},"13":{"start":{"line":14,"column":0},"end":{"line":14,"column":29}},"14":{"start":{"line":15,"column":0},"end":{"line":15,"column":46}},"15":{"start":{"line":16,"column":0},"end":{"line":16,"column":46}},"16":{"start":{"line":17,"column":0},"end":{"line":17,"column":100}},"17":{"start":{"line":18,"column":0},"end":{"line":18,"column":18}},"18":{"start":{"line":19,"column":0},"end":{"line":19,"column":13}},"19":{"start":{"line":20,"column":0},"end":{"line":20,"column":9}},"20":{"start":{"line":21,"column":0},"end":{"line":21,"column":5}},"21":{"start":{"line":22,"column":0},"end":{"line":22,"column":18}},"22":{"start":{"line":23,"column":0},"end":{"line":23,"column":2}},"24":{"start":{"line":25,"column":0},"end":{"line":25,"column":79}},"25":{"start":{"line":26,"column":0},"end":{"line":26,"column":57}},"26":{"start":{"line":27,"column":0},"end":{"line":27,"column":97}},"27":{"start":{"line":28,"column":0},"end":{"line":28,"column":6}},"29":{"start":{"line":30,"column":0},"end":{"line":30,"column":36}},"30":{"start":{"line":31,"column":0},"end":{"line":31,"column":39}},"31":{"start":{"line":32,"column":0},"end":{"line":32,"column":39}},"33":{"start":{"line":34,"column":0},"end":{"line":34,"column":66}},"34":{"start":{"line":35,"column":0},"end":{"line":35,"column":38}},"35":{"start":{"line":36,"column":0},"end":{"line":36,"column":32}},"36":{"start":{"line":37,"column":0},"end":{"line":37,"column":25}},"37":{"start":{"line":38,"column":0},"end":{"line":38,"column":33}},"38":{"start":{"line":39,"column":0},"end":{"line":39,"column":30}},"39":{"start":{"line":40,"column":0},"end":{"line":40,"column":90}},"40":{"start":{"line":41,"column":0},"end":{"line":41,"column":15}},"41":{"start":{"line":42,"column":0},"end":{"line":42,"column":9}},"42":{"start":{"line":43,"column":0},"end":{"line":43,"column":26}},"43":{"start":{"line":44,"column":0},"end":{"line":44,"column":60}},"44":{"start":{"line":45,"column":0},"end":{"line":45,"column":77}},"45":{"start":{"line":46,"column":0},"end":{"line":46,"column":9}},"46":{"start":{"line":47,"column":0},"end":{"line":47,"column":29}},"47":{"start":{"line":48,"column":0},"end":{"line":48,"column":26}},"48":{"start":{"line":49,"column":0},"end":{"line":49,"column":6}},"50":{"start":{"line":51,"column":0},"end":{"line":51,"column":55}},"51":{"start":{"line":52,"column":0},"end":{"line":52,"column":18}},"52":{"start":{"line":53,"column":0},"end":{"line":53,"column":2}},"54":{"start":{"line":55,"column":0},"end":{"line":55,"column":105}},"55":{"start":{"line":56,"column":0},"end":{"line":56,"column":84}},"56":{"start":{"line":57,"column":0},"end":{"line":57,"column":61}},"57":{"start":{"line":58,"column":0},"end":{"line":58,"column":2}}},"s":{"0":0,"2":0,"3":0,"5":0,"6":0,"7":0,"9":0,"10":0,"11":0,"12":0,"13":0,"14":0,"15":0,"16":0,"17":0,"18":0,"19":0,"20":0,"21":0,"22":0,"24":0,"25":0,"26":0,"27":0,"29":0,"30":0,"31":0,"33":0,"34":0,"35":0,"36":0,"37":0,"38":0,"39":0,"40":0,"41":0,"42":0,"43":0,"44":0,"45":0,"46":0,"47":0,"48":0,"50":0,"51":0,"52":0,"54":0,"55":0,"56":0,"57":0},"branchMap":{"0":{"type":"branch","line":1,"loc":{"start":{"line":1,"column":2244},"end":{"line":58,"column":2}},"locations":[{"start":{"line":1,"column":2244},"end":{"line":58,"column":2}}]}},"b":{"0":[0]},"fnMap":{"0":{"name":"(empty-report)","decl":{"start":{"line":1,"column":2244},"end":{"line":58,"column":2}},"loc":{"start":{"line":1,"column":2244},"end":{"line":58,"column":2}},"line":1}},"f":{"0":0}}
,"/home/ngesh/coding/questionnaire-platform/packages/engine/src/schema-validator.ts": {"path":"/home/ngesh/coding/questionnaire-platform/packages/engine/src/schema-validator.ts","all":true,"statementMap":{"0":{"start":{"line":1,"column":0},"end":{"line":1,"column":41}},"4":{"start":{"line":5,"column":0},"end":{"line":5,"column":86}},"5":{"start":{"line":6,"column":0},"end":{"line":6,"column":27}},"6":{"start":{"line":7,"column":0},"end":{"line":7,"column":29}},"7":{"start":{"line":8,"column":0},"end":{"line":8,"column":31}},"8":{"start":{"line":9,"column":0},"end":{"line":9,"column":34}},"9":{"start":{"line":10,"column":0},"end":{"line":10,"column":27}},"10":{"start":{"line":11,"column":0},"end":{"line":11,"column":78}},"11":{"start":{"line":12,"column":0},"end":{"line":12,"column":87}},"12":{"start":{"line":13,"column":0},"end":{"line":13,"column":6}},"13":{"start":{"line":14,"column":0},"end":{"line":14,"column":2}},"15":{"start":{"line":16,"column":0},"end":{"line":16,"column":111}},"16":{"start":{"line":17,"column":0},"end":{"line":17,"column":49}},"17":{"start":{"line":18,"column":0},"end":{"line":18,"column":39}},"18":{"start":{"line":19,"column":0},"end":{"line":19,"column":65}},"19":{"start":{"line":20,"column":0},"end":{"line":20,"column":83}},"20":{"start":{"line":21,"column":0},"end":{"line":21,"column":5}},"21":{"start":{"line":22,"column":0},"end":{"line":22,"column":27}},"22":{"start":{"line":23,"column":0},"end":{"line":23,"column":2}},"24":{"start":{"line":25,"column":0},"end":{"line":25,"column":35}},"25":{"start":{"line":26,"column":0},"end":{"line":26,"column":42}},"26":{"start":{"line":27,"column":0},"end":{"line":27,"column":26}},"27":{"start":{"line":28,"column":0},"end":{"line":28,"column":6}},"28":{"start":{"line":29,"column":0},"end":{"line":29,"column":55}},"29":{"start":{"line":30,"column":0},"end":{"line":30,"column":48}},"31":{"start":{"line":32,"column":0},"end":{"line":32,"column":25}},"32":{"start":{"line":33,"column":0},"end":{"line":33,"column":31}},"33":{"start":{"line":34,"column":0},"end":{"line":34,"column":5}},"35":{"start":{"line":36,"column":0},"end":{"line":36,"column":74}},"36":{"start":{"line":37,"column":0},"end":{"line":37,"column":56}},"37":{"start":{"line":38,"column":0},"end":{"line":38,"column":30}},"38":{"start":{"line":39,"column":0},"end":{"line":39,"column":8}},"39":{"start":{"line":40,"column":0},"end":{"line":40,"column":22}},"40":{"start":{"line":41,"column":0},"end":{"line":41,"column":2}}},"s":{"0":0,"4":0,"5":0,"6":0,"7":0,"8":0,"9":0,"10":0,"11":0,"12":0,"13":0,"15":0,"16":0,"17":0,"18":0,"19":0,"20":0,"21":0,"22":0,"24":0,"25":0,"26":0,"27":0,"28":0,"29":0,"31":0,"32":0,"33":0,"35":0,"36":0,"37":0,"38":0,"39":0,"40":0},"branchMap":{"0":{"type":"branch","line":1,"loc":{"start":{"line":1,"column":0},"end":{"line":41,"column":-33}},"locations":[{"start":{"line":1,"column":0},"end":{"line":41,"column":-33}}]}},"b":{"0":[0]},"fnMap":{"0":{"name":"(empty-report)","decl":{"start":{"line":1,"column":0},"end":{"line":41,"column":-33}},"loc":{"start":{"line":1,"column":0},"end":{"line":41,"column":-33}},"line":1}},"f":{"0":0}}
,"/home/ngesh/coding/questionnaire-platform/packages/engine/src/types.ts": {"path":"/home/ngesh/coding/questionnaire-platform/packages/engine/src/types.ts","all":true,"statementMap":{"6":{"start":{"line":7,"column":0},"end":{"line":7,"column":73}},"7":{"start":{"line":8,"column":0},"end":{"line":8,"column":89}}},"s":{"6":0,"7":0},"branchMap":{"0":{"type":"branch","line":1,"loc":{"start":{"line":1,"column":1599},"end":{"line":62,"column":1}},"locations":[{"start":{"line":1,"column":1599},"end":{"line":62,"column":1}}]}},"b":{"0":[1]},"fnMap":{"0":{"name":"(empty-report)","decl":{"start":{"line":1,"column":1599},"end":{"line":62,"column":1}},"loc":{"start":{"line":1,"column":1599},"end":{"line":62,"column":1}},"line":1}},"f":{"0":1}}
}
